{"/Users/aleksandrmaksimov/Documents/ProjectsJS/ajs-oop/src/js/index.js": {"path":"/Users/aleksandrmaksimov/Documents/ProjectsJS/ajs-oop/src/js/index.js","statementMap":{"0":{"start":{"line":3,"column":18},"end":{"line":10,"column":5}},"1":{"start":{"line":11,"column":4},"end":{"line":13,"column":5}},"2":{"start":{"line":12,"column":6},"end":{"line":12,"column":61}},"3":{"start":{"line":14,"column":4},"end":{"line":16,"column":5}},"4":{"start":{"line":15,"column":6},"end":{"line":15,"column":57}},"5":{"start":{"line":17,"column":4},"end":{"line":17,"column":21}},"6":{"start":{"line":18,"column":4},"end":{"line":18,"column":21}},"7":{"start":{"line":19,"column":4},"end":{"line":19,"column":22}},"8":{"start":{"line":20,"column":4},"end":{"line":20,"column":19}},"9":{"start":{"line":21,"column":4},"end":{"line":46,"column":5}},"10":{"start":{"line":23,"column":8},"end":{"line":23,"column":25}},"11":{"start":{"line":24,"column":8},"end":{"line":24,"column":26}},"12":{"start":{"line":25,"column":8},"end":{"line":25,"column":14}},"13":{"start":{"line":27,"column":8},"end":{"line":27,"column":25}},"14":{"start":{"line":28,"column":8},"end":{"line":28,"column":26}},"15":{"start":{"line":29,"column":8},"end":{"line":29,"column":14}},"16":{"start":{"line":31,"column":8},"end":{"line":31,"column":25}},"17":{"start":{"line":32,"column":8},"end":{"line":32,"column":26}},"18":{"start":{"line":33,"column":8},"end":{"line":33,"column":14}},"19":{"start":{"line":35,"column":8},"end":{"line":35,"column":25}},"20":{"start":{"line":36,"column":8},"end":{"line":36,"column":26}},"21":{"start":{"line":37,"column":8},"end":{"line":37,"column":14}},"22":{"start":{"line":39,"column":8},"end":{"line":39,"column":25}},"23":{"start":{"line":40,"column":8},"end":{"line":40,"column":26}},"24":{"start":{"line":41,"column":8},"end":{"line":41,"column":14}},"25":{"start":{"line":43,"column":8},"end":{"line":43,"column":25}},"26":{"start":{"line":44,"column":8},"end":{"line":44,"column":26}},"27":{"start":{"line":45,"column":8},"end":{"line":45,"column":14}},"28":{"start":{"line":50,"column":4},"end":{"line":52,"column":5}},"29":{"start":{"line":51,"column":6},"end":{"line":51,"column":56}},"30":{"start":{"line":53,"column":4},"end":{"line":53,"column":20}},"31":{"start":{"line":54,"column":4},"end":{"line":54,"column":37}},"32":{"start":{"line":55,"column":4},"end":{"line":55,"column":39}},"33":{"start":{"line":56,"column":4},"end":{"line":56,"column":22}},"34":{"start":{"line":60,"column":4},"end":{"line":62,"column":5}},"35":{"start":{"line":61,"column":6},"end":{"line":61,"column":13}},"36":{"start":{"line":63,"column":4},"end":{"line":63,"column":53}},"37":{"start":{"line":64,"column":4},"end":{"line":66,"column":5}},"38":{"start":{"line":65,"column":6},"end":{"line":65,"column":22}},"39":{"start":{"line":72,"column":4},"end":{"line":72,"column":26}},"40":{"start":{"line":78,"column":4},"end":{"line":78,"column":29}},"41":{"start":{"line":84,"column":4},"end":{"line":84,"column":28}},"42":{"start":{"line":90,"column":4},"end":{"line":90,"column":26}},"43":{"start":{"line":96,"column":4},"end":{"line":96,"column":26}},"44":{"start":{"line":102,"column":4},"end":{"line":102,"column":26}}},"fnMap":{"0":{"name":"(anonymous_0)","decl":{"start":{"line":2,"column":2},"end":{"line":2,"column":3}},"loc":{"start":{"line":2,"column":26},"end":{"line":47,"column":3}},"line":2},"1":{"name":"(anonymous_1)","decl":{"start":{"line":49,"column":2},"end":{"line":49,"column":3}},"loc":{"start":{"line":49,"column":12},"end":{"line":57,"column":3}},"line":49},"2":{"name":"(anonymous_2)","decl":{"start":{"line":59,"column":2},"end":{"line":59,"column":3}},"loc":{"start":{"line":59,"column":17},"end":{"line":67,"column":3}},"line":59},"3":{"name":"(anonymous_3)","decl":{"start":{"line":71,"column":2},"end":{"line":71,"column":3}},"loc":{"start":{"line":71,"column":20},"end":{"line":73,"column":3}},"line":71},"4":{"name":"(anonymous_4)","decl":{"start":{"line":77,"column":2},"end":{"line":77,"column":3}},"loc":{"start":{"line":77,"column":20},"end":{"line":79,"column":3}},"line":77},"5":{"name":"(anonymous_5)","decl":{"start":{"line":83,"column":2},"end":{"line":83,"column":3}},"loc":{"start":{"line":83,"column":20},"end":{"line":85,"column":3}},"line":83},"6":{"name":"(anonymous_6)","decl":{"start":{"line":89,"column":2},"end":{"line":89,"column":3}},"loc":{"start":{"line":89,"column":20},"end":{"line":91,"column":3}},"line":89},"7":{"name":"(anonymous_7)","decl":{"start":{"line":95,"column":2},"end":{"line":95,"column":3}},"loc":{"start":{"line":95,"column":20},"end":{"line":97,"column":3}},"line":95},"8":{"name":"(anonymous_8)","decl":{"start":{"line":101,"column":2},"end":{"line":101,"column":3}},"loc":{"start":{"line":101,"column":20},"end":{"line":103,"column":3}},"line":101}},"branchMap":{"0":{"loc":{"start":{"line":11,"column":4},"end":{"line":13,"column":5}},"type":"if","locations":[{"start":{"line":11,"column":4},"end":{"line":13,"column":5}},{"start":{},"end":{}}],"line":11},"1":{"loc":{"start":{"line":11,"column":8},"end":{"line":11,"column":43}},"type":"binary-expr","locations":[{"start":{"line":11,"column":8},"end":{"line":11,"column":23}},{"start":{"line":11,"column":27},"end":{"line":11,"column":43}}],"line":11},"2":{"loc":{"start":{"line":14,"column":4},"end":{"line":16,"column":5}},"type":"if","locations":[{"start":{"line":14,"column":4},"end":{"line":16,"column":5}},{"start":{},"end":{}}],"line":14},"3":{"loc":{"start":{"line":21,"column":4},"end":{"line":46,"column":5}},"type":"switch","locations":[{"start":{"line":22,"column":6},"end":{"line":25,"column":14}},{"start":{"line":26,"column":6},"end":{"line":29,"column":14}},{"start":{"line":30,"column":6},"end":{"line":33,"column":14}},{"start":{"line":34,"column":6},"end":{"line":37,"column":14}},{"start":{"line":38,"column":6},"end":{"line":41,"column":14}},{"start":{"line":42,"column":6},"end":{"line":45,"column":14}}],"line":21},"4":{"loc":{"start":{"line":50,"column":4},"end":{"line":52,"column":5}},"type":"if","locations":[{"start":{"line":50,"column":4},"end":{"line":52,"column":5}},{"start":{},"end":{}}],"line":50},"5":{"loc":{"start":{"line":60,"column":4},"end":{"line":62,"column":5}},"type":"if","locations":[{"start":{"line":60,"column":4},"end":{"line":62,"column":5}},{"start":{},"end":{}}],"line":60},"6":{"loc":{"start":{"line":64,"column":4},"end":{"line":66,"column":5}},"type":"if","locations":[{"start":{"line":64,"column":4},"end":{"line":66,"column":5}},{"start":{},"end":{}}],"line":64}},"s":{"0":17,"1":17,"2":2,"3":15,"4":1,"5":14,"6":14,"7":14,"8":14,"9":14,"10":2,"11":2,"12":2,"13":8,"14":8,"15":8,"16":1,"17":1,"18":1,"19":1,"20":1,"21":1,"22":1,"23":1,"24":1,"25":1,"26":1,"27":1,"28":4,"29":1,"30":3,"31":3,"32":3,"33":3,"34":4,"35":1,"36":3,"37":3,"38":1,"39":1,"40":8,"41":1,"42":1,"43":1,"44":1},"f":{"0":17,"1":4,"2":4,"3":1,"4":8,"5":1,"6":1,"7":1,"8":1},"b":{"0":[2,15],"1":[17,16],"2":[1,14],"3":[2,8,1,1,1,1],"4":[1,3],"5":[1,3],"6":[1,2]},"_coverageSchema":"1a1c01bbd47fc00a2c39e90264f33305004495a9","hash":"0668b6cf7fb213927a71ca13d5f9f8c2b16ef4f3"}
}
