TN:
SF:src/js/index.js
FN:2,(anonymous_0)
FN:51,(anonymous_1)
FN:61,(anonymous_2)
FN:73,(anonymous_3)
FN:79,(anonymous_4)
FN:85,(anonymous_5)
FN:91,(anonymous_6)
FN:97,(anonymous_7)
FN:103,(anonymous_8)
FNF:9
FNH:8
FNDA:16,(anonymous_0)
FNDA:4,(anonymous_1)
FNDA:4,(anonymous_2)
FNDA:0,(anonymous_3)
FNDA:8,(anonymous_4)
FNDA:1,(anonymous_5)
FNDA:1,(anonymous_6)
FNDA:1,(anonymous_7)
FNDA:1,(anonymous_8)
DA:3,16
DA:11,16
DA:12,2
DA:14,14
DA:15,1
DA:17,13
DA:18,13
DA:19,13
DA:20,13
DA:21,13
DA:23,1
DA:24,1
DA:25,1
DA:27,8
DA:28,8
DA:29,8
DA:31,1
DA:32,1
DA:33,1
DA:35,1
DA:36,1
DA:37,1
DA:39,1
DA:40,1
DA:41,1
DA:43,1
DA:44,1
DA:45,1
DA:47,0
DA:52,4
DA:53,1
DA:55,3
DA:56,3
DA:57,3
DA:58,3
DA:62,4
DA:63,1
DA:65,3
DA:66,3
DA:67,1
DA:74,0
DA:80,8
DA:86,1
DA:92,1
DA:98,1
DA:104,1
LF:46
LH:44
BRDA:11,0,0,2
BRDA:11,0,1,14
BRDA:11,1,0,16
BRDA:11,1,1,15
BRDA:14,2,0,1
BRDA:14,2,1,13
BRDA:21,3,0,1
BRDA:21,3,1,8
BRDA:21,3,2,1
BRDA:21,3,3,1
BRDA:21,3,4,1
BRDA:21,3,5,1
BRDA:21,3,6,0
BRDA:52,4,0,1
BRDA:52,4,1,3
BRDA:62,5,0,1
BRDA:62,5,1,3
BRDA:66,6,0,1
BRDA:66,6,1,2
BRF:19
BRH:18
end_of_record
