TN:
SF:src/js/index.js
FN:2,(anonymous_0)
FN:49,(anonymous_1)
FN:59,(anonymous_2)
FN:71,(anonymous_3)
FN:77,(anonymous_4)
FN:83,(anonymous_5)
FN:89,(anonymous_6)
FN:95,(anonymous_7)
FN:101,(anonymous_8)
FNF:9
FNH:9
FNDA:17,(anonymous_0)
FNDA:4,(anonymous_1)
FNDA:4,(anonymous_2)
FNDA:1,(anonymous_3)
FNDA:8,(anonymous_4)
FNDA:1,(anonymous_5)
FNDA:1,(anonymous_6)
FNDA:1,(anonymous_7)
FNDA:1,(anonymous_8)
DA:3,17
DA:11,17
DA:12,2
DA:14,15
DA:15,1
DA:17,14
DA:18,14
DA:19,14
DA:20,14
DA:21,14
DA:23,2
DA:24,2
DA:25,2
DA:27,8
DA:28,8
DA:29,8
DA:31,1
DA:32,1
DA:33,1
DA:35,1
DA:36,1
DA:37,1
DA:39,1
DA:40,1
DA:41,1
DA:43,1
DA:44,1
DA:45,1
DA:50,4
DA:51,1
DA:53,3
DA:54,3
DA:55,3
DA:56,3
DA:60,4
DA:61,1
DA:63,3
DA:64,3
DA:65,1
DA:72,1
DA:78,8
DA:84,1
DA:90,1
DA:96,1
DA:102,1
LF:45
LH:45
BRDA:11,0,0,2
BRDA:11,0,1,15
BRDA:11,1,0,17
BRDA:11,1,1,16
BRDA:14,2,0,1
BRDA:14,2,1,14
BRDA:21,3,0,2
BRDA:21,3,1,8
BRDA:21,3,2,1
BRDA:21,3,3,1
BRDA:21,3,4,1
BRDA:21,3,5,1
BRDA:50,4,0,1
BRDA:50,4,1,3
BRDA:60,5,0,1
BRDA:60,5,1,3
BRDA:64,6,0,1
BRDA:64,6,1,2
BRF:18
BRH:18
end_of_record
